#
# A fatal error has been detected by the Java Runtime Environment:
#
#  EXCEPTION_ACCESS_VIOLATION (0xc0000005) at pc=0x00000000652fe860, pid=3776, tid=5508
#
# JRE version: Java(TM) SE Runtime Environment (8.0_71-b15) (build 1.8.0_71-b15)
# Java VM: Java HotSpot(TM) 64-Bit Server VM (25.71-b15 mixed mode windows-amd64 compressed oops)
# Problematic frame:
# V  [jvm.dll+0xae860]
#
# Failed to write core dump. Minidumps are not enabled by default on client versions of Windows
#
# If you would like to submit a bug report, please visit:
#   http://bugreport.java.com/bugreport/crash.jsp
#

---------------  T H R E A D  ---------------

Current thread (0x0000000001ef0000):  GCTaskThread [stack: 0x0000000012090000,0x0000000012190000] [id=5508]

siginfo: ExceptionCode=0xc0000005, reading address 0x0000000000000008

Registers:
RAX=0x0000000000000000, RBX=0x00000000d71aa97b, RCX=0x00000000d71aa97b, RDX=0x0000000000000000
RSP=0x000000001218f148, RBP=0x0000000000000000, RSI=0x0000000057149280, RDI=0x0000000057149280
R8 =0x0000000057149280, R9 =0x0000000000000007, R10=0x0000000000000008, R11=0x00000000d8808010
R12=0x0000000065867ce0, R13=0x0000010000000000, R14=0x0000000000000000, R15=0x0000000001ef0400
RIP=0x00000000652fe860, EFLAGS=0x0000000000010246

Top of Stack: (sp=0x000000001218f148)
0x000000001218f148:   000000006564b522 00000000d71aaf30
0x000000001218f158:   0000000000000002 0000000057149280
0x000000001218f168:   0000000076dd5ea0 00000000d8800020
0x000000001218f178:   0000000000001000 000000000218d098
0x000000001218f188:   000000000218d09c 0000000000000000
0x000000001218f198:   0000000001eeba00 0000000065867ce0
0x000000001218f1a8:   000000006564b890 00000000d88022cc
0x000000001218f1b8:   0000000000000000 0000000057149280
0x000000001218f1c8:   0000000057149280 00000000d88022cc
0x000000001218f1d8:   000000006564c435 00000000d71782d0
0x000000001218f1e8:   0000000000000000 0000000057149280
0x000000001218f1f8:   000000001218f228 0000000001ef0000
0x000000001218f208:   0000000000000c00 0000000000000000
0x000000001218f218:   0000000000000000 0000000001ef0d00
0x000000001218f228:   0000000001ed8000 0000000001eeba01
0x000000001218f238:   0000000001ef0001 00005bb21157d7d5 

Instructions: (pc=0x00000000652fe860)
0x00000000652fe840:   ec a5 1d 00 48 8b 9c 24 d0 00 00 00 48 81 c4 c0
0x00000000652fe850:   00 00 00 5d c3 cc cc cc cc cc cc cc cc cc cc cc
0x00000000652fe860:   44 8b 42 08 4c 8b ca 45 85 c0 7e 0e 41 f6 c0 01
0x00000000652fe870:   75 57 41 c1 f8 03 41 8b c0 c3 79 4d 80 3d 3e 1a 


Register to memory mapping:

RAX=0x0000000000000000 is an unknown value
RBX=0x00000000d71aa97b is an unknown value
RCX=0x00000000d71aa97b is an unknown value
RDX=0x0000000000000000 is an unknown value
RSP=0x000000001218f148 is an unknown value
RBP=0x0000000000000000 is an unknown value
RSI=0x0000000057149280 is an unknown value
RDI=0x0000000057149280 is an unknown value
R8 =0x0000000057149280 is an unknown value
R9 =0x0000000000000007 is an unknown value
R10=0x0000000000000008 is an unknown value
R11=0x00000000d8808010 is an unknown value
R12=0x0000000065867ce0 is an unknown value
R13=0x0000010000000000 is an unknown value
R14=0x0000000000000000 is an unknown value
R15=0x0000000001ef0400 is an unknown value


Stack: [0x0000000012090000,0x0000000012190000],  sp=0x000000001218f148,  free space=1020k
Native frames: (J=compiled Java code, j=interpreted, Vv=VM code, C=native code)


---------------  P R O C E S S  ---------------

Java Threads: ( => current thread )
  0x0000000059ce5800 JavaThread "Keep-Alive-Timer" daemon [_thread_blocked, id=7532, stack(0x000000005a500000,0x000000005a600000)]
  0x0000000058bc5000 JavaThread "Service Thread" daemon [_thread_blocked, id=7740, stack(0x0000000059380000,0x0000000059480000)]
  0x0000000058b51800 JavaThread "C1 CompilerThread2" daemon [_thread_blocked, id=6936, stack(0x0000000059200000,0x0000000059300000)]
  0x0000000058b50800 JavaThread "C2 CompilerThread1" daemon [_thread_blocked, id=2284, stack(0x0000000059070000,0x0000000059170000)]
  0x00000000571ba800 JavaThread "C2 CompilerThread0" daemon [_thread_blocked, id=5956, stack(0x0000000058a50000,0x0000000058b50000)]
  0x00000000571b8000 JavaThread "Attach Listener" daemon [_thread_blocked, id=8108, stack(0x00000000588d0000,0x00000000589d0000)]
  0x00000000571b4800 JavaThread "Signal Dispatcher" daemon [_thread_blocked, id=672, stack(0x00000000586a0000,0x00000000587a0000)]
  0x0000000057153000 JavaThread "Finalizer" daemon [_thread_blocked, id=5872, stack(0x0000000058520000,0x0000000058620000)]
  0x0000000057151800 JavaThread "Reference Handler" daemon [_thread_blocked, id=6508, stack(0x0000000058370000,0x0000000058470000)]
  0x0000000001ed8000 JavaThread "main" [_thread_blocked, id=8068, stack(0x0000000002090000,0x0000000002190000)]

Other Threads:
  0x000000005714c800 VMThread [stack: 0x0000000058270000,0x0000000058370000] [id=5360]
  0x0000000058be6000 WatcherThread [stack: 0x0000000059550000,0x0000000059650000] [id=7812]

=>0x0000000001ef0000 (exited) GCTaskThread [stack: 0x0000000012090000,0x0000000012190000] [id=5508]

VM state:at safepoint (normal execution)

VM Mutex/Monitor currently owned by a thread:  ([mutex/lock_event])
[0x0000000001e9e2a0] Threads_lock - owner thread: 0x000000005714c800
[0x0000000001e9e7a0] Heap_lock - owner thread: 0x0000000001ed8000

Heap:
 PSYoungGen      total 37888K, used 32768K [0x00000000d6700000, 0x00000000d9100000, 0x0000000100000000)
  eden space 32768K, 100% used [0x00000000d6700000,0x00000000d8700000,0x00000000d8700000)
  from space 5120K, 0% used [0x00000000d8c00000,0x00000000d8c00000,0x00000000d9100000)
  to   space 5120K, 53% used [0x00000000d8700000,0x00000000d89b1040,0x00000000d8c00000)
 ParOldGen       total 86016K, used 80K [0x0000000083400000, 0x0000000088800000, 0x00000000d6700000)
  object space 86016K, 0% used [0x0000000083400000,0x0000000083414010,0x0000000088800000)
 Metaspace       used 11284K, capacity 11592K, committed 11776K, reserved 1058816K
  class space    used 1306K, capacity 1430K, committed 1536K, reserved 1048576K

Card table byte_map: [0x0000000011820000,0x0000000011c10000] byte_map_base: 0x0000000011406000

Marking Bits: (ParMarkBitMap*) 0x0000000065a5f600
 Begin Bits: [0x0000000012570000, 0x00000000144a0000)
 End Bits:   [0x00000000144a0000, 0x00000000163d0000)

Polling page: 0x0000000000430000

CodeCache: size=245760Kb used=4371Kb max_used=4371Kb free=241388Kb
 bounds [0x0000000002460000, 0x00000000028b0000, 0x0000000011460000]
 total_blobs=1637 nmethods=1295 adapters=255
 compilation: enabled

Compilation events (10 events):
Event: 3.050 Thread 0x0000000058b51800 1291       3       java.net.URLStreamHandler::equals (45 bytes)
Event: 3.051 Thread 0x0000000058b51800 nmethod 1291 0x0000000002891310 code [0x00000000028914a0, 0x00000000028919b8]
Event: 3.051 Thread 0x0000000058b51800 1292       3       sun.net.www.protocol.jar.Handler::parseContextSpec (154 bytes)
Event: 3.052 Thread 0x0000000058b51800 nmethod 1292 0x000000000289ee10 code [0x000000000289f200, 0x00000000028a1848]
Event: 3.052 Thread 0x0000000058b51800 1293       3       sun.net.www.ParseUtil::canonizeString (195 bytes)
Event: 3.054 Thread 0x0000000058b51800 nmethod 1293 0x00000000028a2a50 code [0x00000000028a2e00, 0x00000000028a51c8]
Event: 3.058 Thread 0x0000000058b51800 1294       3       sun.security.provider.MD5::HH (29 bytes)
Event: 3.058 Thread 0x0000000058b51800 nmethod 1294 0x00000000028996d0 code [0x0000000002899820, 0x0000000002899990]
Event: 3.058 Thread 0x0000000058b51800 1295       3       sun.security.provider.MD5::II (31 bytes)
Event: 3.058 Thread 0x0000000058b51800 nmethod 1295 0x00000000028a6190 code [0x00000000028a62e0, 0x00000000028a6450]

GC Heap History (1 events):
Event: 3.078 GC heap before
{Heap before GC invocations=1 (full 0):
 PSYoungGen      total 37888K, used 32768K [0x00000000d6700000, 0x00000000d9100000, 0x0000000100000000)
  eden space 32768K, 100% used [0x00000000d6700000,0x00000000d8700000,0x00000000d8700000)
  from space 5120K, 0% used [0x00000000d8c00000,0x00000000d8c00000,0x00000000d9100000)
  to   space 5120K, 0% used [0x00000000d8700000,0x00000000d8700000,0x00000000d8c00000)
 ParOldGen       total 86016K, used 0K [0x0000000083400000, 0x0000000088800000, 0x00000000d6700000)
  object space 86016K, 0% used [0x0000000083400000,0x0000000083400000,0x0000000088800000)
 Metaspace       used 11284K, capacity 11592K, committed 11776K, reserved 1058816K
  class space    used 1306K, capacity 1430K, committed 1536K, reserved 1048576K

Deoptimization events (10 events):
Event: 2.289 Thread 0x0000000001ed8000 Uncommon trap: reason=class_check action=maybe_recompile pc=0x00000000026d0704 method=java.util.Collections$UnmodifiableCollection$1.hasNext()Z @ 4
Event: 2.289 Thread 0x0000000001ed8000 Uncommon trap: reason=class_check action=maybe_recompile pc=0x00000000026cf804 method=java.util.Collections$UnmodifiableCollection$1.next()Ljava/lang/Object; @ 4
Event: 2.289 Thread 0x0000000001ed8000 Uncommon trap: reason=class_check action=maybe_recompile pc=0x00000000026d0704 method=java.util.Collections$UnmodifiableCollection$1.hasNext()Z @ 4
Event: 2.289 Thread 0x0000000001ed8000 Uncommon trap: reason=class_check action=maybe_recompile pc=0x00000000026cf804 method=java.util.Collections$UnmodifiableCollection$1.next()Ljava/lang/Object; @ 4
Event: 2.289 Thread 0x0000000001ed8000 Uncommon trap: reason=class_check action=maybe_recompile pc=0x00000000026d0704 method=java.util.Collections$UnmodifiableCollection$1.hasNext()Z @ 4
Event: 2.289 Thread 0x0000000001ed8000 Uncommon trap: reason=class_check action=maybe_recompile pc=0x00000000026cf804 method=java.util.Collections$UnmodifiableCollection$1.next()Ljava/lang/Object; @ 4
Event: 2.463 Thread 0x0000000001ed8000 Uncommon trap: reason=unstable_if action=reinterpret pc=0x000000000269c614 method=sun.util.calendar.BaseCalendar.getFixedDate(IIILsun/util/calendar/BaseCalendar$Date;)J @ 103
Event: 2.505 Thread 0x0000000001ed8000 Uncommon trap: reason=unstable_if action=reinterpret pc=0x0000000002798aa4 method=java.util.HashMap.putVal(ILjava/lang/Object;Ljava/lang/Object;ZZ)Ljava/lang/Object; @ 193
Event: 2.505 Thread 0x0000000001ed8000 Uncommon trap: reason=unstable_if action=reinterpret pc=0x000000000278fc3c method=java.util.HashMap.putVal(ILjava/lang/Object;Ljava/lang/Object;ZZ)Ljava/lang/Object; @ 193
Event: 2.691 Thread 0x0000000001ed8000 Uncommon trap: reason=unstable_if action=reinterpret pc=0x00000000026f9b7c method=java.util.ArrayList.toArray([Ljava/lang/Object;)[Ljava/lang/Object; @ 48

Internal exceptions (10 events):
Event: 0.838 Thread 0x0000000001ed8000 Exception <a 'java/lang/ClassNotFoundException': org/apache/tools/ant/AntClassLoader> (0x00000000d7778b10) thrown at [C:\re\workspace\8-2-build-windows-amd64-cygwin\jdk8u71\5731\hotspot\src\share\vm\classfile\systemDictionary.cpp, line 210]
Event: 0.839 Thread 0x0000000001ed8000 Exception <a 'java/lang/ClassNotFoundException': sun/net/www/protocol/c/Handler> (0x00000000d77844c0) thrown at [C:\re\workspace\8-2-build-windows-amd64-cygwin\jdk8u71\5731\hotspot\src\share\vm\classfile\systemDictionary.cpp, line 210]
Event: 0.839 Thread 0x0000000001ed8000 Exception <a 'java/lang/ClassNotFoundException': sun/net/www/protocol/c/Handler> (0x00000000d77879c8) thrown at [C:\re\workspace\8-2-build-windows-amd64-cygwin\jdk8u71\5731\hotspot\src\share\vm\classfile\systemDictionary.cpp, line 210]
Event: 0.840 Thread 0x0000000001ed8000 Exception <a 'java/lang/ClassNotFoundException': org/apache/tools/ant/AntClassLoader> (0x00000000d778d2e8) thrown at [C:\re\workspace\8-2-build-windows-amd64-cygwin\jdk8u71\5731\hotspot\src\share\vm\classfile\systemDictionary.cpp, line 210]
Event: 0.840 Thread 0x0000000001ed8000 Exception <a 'java/lang/ClassNotFoundException': org/apache/tools/ant/AntClassLoader> (0x00000000d7791018) thrown at [C:\re\workspace\8-2-build-windows-amd64-cygwin\jdk8u71\5731\hotspot\src\share\vm\classfile\systemDictionary.cpp, line 210]
Event: 0.840 Thread 0x0000000001ed8000 Exception <a 'java/lang/ClassNotFoundException': org/apache/tools/ant/AntClassLoader> (0x00000000d77917a8) thrown at [C:\re\workspace\8-2-build-windows-amd64-cygwin\jdk8u71\5731\hotspot\src\share\vm\classfile\systemDictionary.cpp, line 210]
Event: 0.840 Thread 0x0000000001ed8000 Exception <a 'java/lang/ClassNotFoundException': org/apache/tools/ant/AntClassLoader> (0x00000000d7792e20) thrown at [C:\re\workspace\8-2-build-windows-amd64-cygwin\jdk8u71\5731\hotspot\src\share\vm\classfile\systemDictionary.cpp, line 210]
Event: 0.853 Thread 0x0000000001ed8000 Exception <a 'java/io/FileNotFoundException'> (0x00000000d77b1f80) thrown at [C:\re\workspace\8-2-build-windows-amd64-cygwin\jdk8u71\5731\hotspot\src\share\vm\prims\jni.cpp, line 709]
Event: 2.691 Thread 0x0000000001ed8000 Exception <a 'java/lang/NoSuchFieldError': method resolution failed> (0x00000000d8228190) thrown at [C:\re\workspace\8-2-build-windows-amd64-cygwin\jdk8u71\5731\hotspot\src\share\vm\prims\methodHandles.cpp, line 1146]
Event: 2.693 Thread 0x0000000001ed8000 Exception <a 'java/lang/NoSuchFieldError': method resolution failed> (0x00000000d8235850) thrown at [C:\re\workspace\8-2-build-windows-amd64-cygwin\jdk8u71\5731\hotspot\src\share\vm\prims\methodHandles.cpp, line 1146]

Events (10 events):
Event: 3.052 loading class javax/crypto/MacSpi done
Event: 3.053 loading class java/security/DigestException
Event: 3.053 loading class java/security/DigestException done
Event: 3.053 loading class com/jcraft/jsch/UserAuthNone
Event: 3.053 loading class com/jcraft/jsch/UserAuthNone done
Event: 3.054 loading class com/jcraft/jsch/UserAuth
Event: 3.054 loading class com/jcraft/jsch/UserAuth done
Event: 3.078 loading class com/jcraft/jsch/UserAuthPublicKey
Event: 3.078 loading class com/jcraft/jsch/UserAuthPublicKey done
Event: 3.078 Executing VM operation: ParallelGCFailedAllocation


Dynamic libraries:
0x000000013f410000 - 0x000000013f447000 	C:\Program Files\Java\jre1.8.0_71\bin\javaw.exe
0x0000000076ee0000 - 0x0000000077089000 	C:\Windows\SYSTEM32\ntdll.dll
0x0000000076dc0000 - 0x0000000076edf000 	C:\Windows\system32\kernel32.dll
0x000007fefd050000 - 0x000007fefd0bb000 	C:\Windows\system32\KERNELBASE.dll
0x000007fefd2d0000 - 0x000007fefd3ab000 	C:\Windows\system32\ADVAPI32.dll
0x000007fefd6b0000 - 0x000007fefd74f000 	C:\Windows\system32\msvcrt.dll
0x000007fefd3b0000 - 0x000007fefd3cf000 	C:\Windows\SYSTEM32\sechost.dll
0x000007fefe720000 - 0x000007fefe84d000 	C:\Windows\system32\RPCRT4.dll
0x0000000076cc0000 - 0x0000000076dba000 	C:\Windows\system32\USER32.dll
0x000007fefe630000 - 0x000007fefe697000 	C:\Windows\system32\GDI32.dll
0x000007fefef30000 - 0x000007fefef3e000 	C:\Windows\system32\LPK.dll
0x000007fefd200000 - 0x000007fefd2c9000 	C:\Windows\system32\USP10.dll
0x000007fefc720000 - 0x000007fefc914000 	C:\Windows\WinSxS\amd64_microsoft.windows.common-controls_6595b64144ccf1df_6.0.7601.17514_none_fa396087175ac9ac\COMCTL32.dll
0x000007fefeda0000 - 0x000007fefee11000 	C:\Windows\system32\SHLWAPI.dll
0x000007fefee20000 - 0x000007fefee4e000 	C:\Windows\system32\IMM32.DLL
0x000007fefd5a0000 - 0x000007fefd6a9000 	C:\Windows\system32\MSCTF.dll
0x0000000066690000 - 0x0000000066762000 	C:\Program Files\Java\jre1.8.0_71\bin\msvcr100.dll
0x0000000065250000 - 0x0000000065adf000 	C:\Program Files\Java\jre1.8.0_71\bin\server\jvm.dll
0x000007fef9060000 - 0x000007fef9069000 	C:\Windows\system32\WSOCK32.dll
0x000007fefd3d0000 - 0x000007fefd41d000 	C:\Windows\system32\WS2_32.dll
0x000007fefebb0000 - 0x000007fefebb8000 	C:\Windows\system32\NSI.dll
0x000007fefaab0000 - 0x000007fefaaeb000 	C:\Windows\system32\WINMM.dll
0x000007fefba70000 - 0x000007fefba7c000 	C:\Windows\system32\VERSION.dll
0x00000000770a0000 - 0x00000000770a7000 	C:\Windows\system32\PSAPI.DLL
0x0000000072180000 - 0x000000007218f000 	C:\Program Files\Java\jre1.8.0_71\bin\verify.dll
0x0000000066560000 - 0x0000000066589000 	C:\Program Files\Java\jre1.8.0_71\bin\java.dll
0x0000000066540000 - 0x0000000066556000 	C:\Program Files\Java\jre1.8.0_71\bin\zip.dll
0x000007fefd880000 - 0x000007fefe608000 	C:\Windows\system32\SHELL32.dll
0x000007fefef40000 - 0x000007feff143000 	C:\Windows\system32\ole32.dll
0x000007fefce30000 - 0x000007fefce3f000 	C:\Windows\system32\profapi.dll
0x00000000664f0000 - 0x000000006650a000 	C:\Program Files\Java\jre1.8.0_71\bin\net.dll
0x000007fefc3a0000 - 0x000007fefc3f5000 	C:\Windows\system32\mswsock.dll
0x000007fefc390000 - 0x000007fefc397000 	C:\Windows\System32\wship6.dll
0x000007fefb840000 - 0x000007fefb847000 	C:\Windows\System32\wshtcpip.dll
0x000007fefc220000 - 0x000007fefc27b000 	C:\Windows\system32\DNSAPI.dll
0x0000000063560000 - 0x0000000063569000 	C:\Program Files\National Instruments\Shared\mDNS Responder\nimdnsNSP.dll
0x0000000063550000 - 0x000000006355e000 	C:\Windows\system32\nimdnsResponder.dll
0x00000000719d0000 - 0x0000000071a6d000 	C:\Windows\WinSxS\amd64_microsoft.vc90.crt_1fc8b3b9a1e18e3b_9.0.30729.5054_none_08e4d1f3a83cf865\MSVCR90.dll
0x000007fef9010000 - 0x000007fef9037000 	C:\Windows\system32\Iphlpapi.DLL
0x000007fef8ff0000 - 0x000007fef8ffb000 	C:\Windows\system32\WINNSI.DLL
0x000007fef7830000 - 0x000007fef785f000 	C:\Program Files\Common Files\Microsoft Shared\Windows Live\WLIDNSP.DLL
0x000007fefa240000 - 0x000007fefa255000 	C:\Windows\system32\NLAapi.dll
0x000007fef6ec0000 - 0x000007fef6ed5000 	C:\Windows\system32\napinsp.dll
0x000007fef6ea0000 - 0x000007fef6eb9000 	C:\Windows\system32\pnrpnsp.dll
0x000007fef6e90000 - 0x000007fef6e9b000 	C:\Windows\System32\winrnr.dll
0x000007fef6e80000 - 0x000007fef6e90000 	C:\Windows\system32\wshbth.dll
0x000007fef8ea0000 - 0x000007fef8ef3000 	C:\Windows\System32\fwpuclnt.dll
0x000007fef7820000 - 0x000007fef7828000 	C:\Windows\system32\rasadhlp.dll
0x000007fef8e00000 - 0x000007fef8e18000 	C:\Windows\system32\dhcpcsvc.DLL
0x000007fef8de0000 - 0x000007fef8df1000 	C:\Windows\system32\dhcpcsvc6.DLL
0x0000000072c90000 - 0x0000000072cb4000 	C:\Program Files\Java\jre1.8.0_71\bin\sunec.dll
0x0000000074240000 - 0x000000007424b000 	C:\Program Files\Java\jre1.8.0_71\bin\sunmscapi.dll
0x000007fefcee0000 - 0x000007fefd047000 	C:\Windows\system32\CRYPT32.dll
0x000007fefced0000 - 0x000007fefcedf000 	C:\Windows\system32\MSASN1.dll
0x000007fefc400000 - 0x000007fefc417000 	C:\Windows\system32\CRYPTSP.dll
0x000007fefc100000 - 0x000007fefc147000 	C:\Windows\system32\rsaenh.dll
0x000007fefb960000 - 0x000007fefb97e000 	C:\Windows\system32\USERENV.dll
0x000007fefcd60000 - 0x000007fefcd6f000 	C:\Windows\system32\CRYPTBASE.dll
0x00000000664d0000 - 0x00000000664e1000 	C:\Program Files\Java\jre1.8.0_71\bin\nio.dll
0x000007fef1110000 - 0x000007fef1235000 	C:\Windows\system32\dbghelp.dll

VM Arguments:
jvm_args: -Dant.home=C:\Program Files\Eclipse Mars\eclipse\plugins\org.apache.ant_1.9.4.v201504302020 -Dant.library.dir=C:\Program Files\Eclipse Mars\eclipse\plugins\org.apache.ant_1.9.4.v201504302020\lib -Djava.library.path=C:\Program Files\Eclipse Mars\eclipse;C:\Windows\Sun\Java\bin;C:\Windows\system32;C:\Windows;C:/Program Files/Java/jre1.8.0_71/bin/server;C:/Program Files/Java/jre1.8.0_71/bin;C:/Program Files/Java/jre1.8.0_71/lib/amd64;C:\Program Files\Common Files\Microsoft Shared\Windows Live;C:\Program Files (x86)\Common Files\Microsoft Shared\Windows Live;C:\ProgramData\Oracle\Java\javapath;C:\Windows\system32;C:\Windows;C:\Windows\System32\Wbem;C:\Windows\System32\WindowsPowerShell\v1.0\;C:\Program Files (x86)\IVI Foundation\VISA\WinNT\Bin\;C:\Program Files\IVI Foundation\VISA\Win64\Bin\;C:\Program Files (x86)\IVI Foundation\VISA\WinNT\Bin;C:\frc\bin;C:\Program Files (x86)\Windows Live\Shared;C:\Program Files\Eclipse Mars\eclipse;;.;C:\Program%20Files\Eclipse%20Mars\eclipse\configuration\org.eclipse.osgi\407\0\.cp -Dfile.encoding=UTF-8 
java_command: org.eclipse.ant.internal.launching.remote.InternalAntRunner -Dorg.eclipse.ant.core.ANT_PROCESS_ID=1454197166779 -Declipse.connect.port=56946 -Dant.home=C:\Program Files\Eclipse Mars\eclipse\plugins\org.apache.ant_1.9.4.v201504302020 -logger org.eclipse.ant.internal.launching.remote.logger.RemoteAntBuildLogger -inputhandler org.eclipse.ant.internal.ui.antsupport.inputhandler.ProxyInputHandler -buildfile C:\Users\ROBOTICS-Net\git\GitTesting\FRC 2016 Robot Code\build.xml deploy
java_class_path (initial): C:\Program Files\Eclipse Mars\eclipse\plugins\org.apache.ant_1.9.4.v201504302020\lib\ant-antlr.jar;C:\Program Files\Eclipse Mars\eclipse\plugins\org.apache.ant_1.9.4.v201504302020\lib\ant-apache-bcel.jar;C:\Program Files\Eclipse Mars\eclipse\plugins\org.apache.ant_1.9.4.v201504302020\lib\ant-apache-bsf.jar;C:\Program Files\Eclipse Mars\eclipse\plugins\org.apache.ant_1.9.4.v201504302020\lib\ant-apache-log4j.jar;C:\Program Files\Eclipse Mars\eclipse\plugins\org.apache.ant_1.9.4.v201504302020\lib\ant-apache-oro.jar;C:\Program Files\Eclipse Mars\eclipse\plugins\org.apache.ant_1.9.4.v201504302020\lib\ant-apache-regexp.jar;C:\Program Files\Eclipse Mars\eclipse\plugins\org.apache.ant_1.9.4.v201504302020\lib\ant-apache-resolver.jar;C:\Program Files\Eclipse Mars\eclipse\plugins\org.apache.ant_1.9.4.v201504302020\lib\ant-apache-xalan2.jar;C:\Program Files\Eclipse Mars\eclipse\plugins\org.apache.ant_1.9.4.v201504302020\lib\ant-commons-logging.jar;C:\Program Files\Eclipse Mars\eclipse\plugins\org.apache.ant_1.9.4.v201504302020\lib\ant-commons-net.jar;C:\Program Files\Eclipse Mars\eclipse\plugins\org.apache.ant_1.9.4.v201504302020\lib\ant-jai.jar;C:\Program Files\Eclipse Mars\eclipse\plugins\org.apache.ant_1.9.4.v201504302020\lib\ant-javamail.jar;C:\Program Files\Eclipse Mars\eclipse\plugins\org.apache.ant_1.9.4.v201504302020\lib\ant-jdepend.jar;C:\Program Files\Eclipse Mars\eclipse\plugins\org.apache.ant_1.9.4.v201504302020\lib\ant-jmf.jar;C:\Program Files\Eclipse Mars\eclipse\plugins\org.apache.ant_1.9.4.v201504302020\lib\ant-jsch.jar;C:\Program Files\Eclipse Mars\eclipse\plugins\org.apache.ant_1.9.4.v201504302020\lib\ant-junit.jar;C:\Program Files\Eclipse Mars\eclipse\plugins\org.apache.ant_1.9.4.v201504302020\lib\ant-junit4.jar;C:\Program Files\Eclipse Mars\eclipse\plugins\org.apache.ant_1.9.4.v201504302020\lib\ant-launcher.jar;C:\Program Files\Eclipse Mars\eclipse\plugins\org.apache.ant_1.9.4.v201504302020\lib\ant-netrexx.jar;C:\Program Files\Ec
Launcher Type: SUN_STANDARD

Environment Variables:
PATH=C:/Program Files/Java/jre1.8.0_71/bin/server;C:/Program Files/Java/jre1.8.0_71/bin;C:/Program Files/Java/jre1.8.0_71/lib/amd64;C:\Program Files\Common Files\Microsoft Shared\Windows Live;C:\Program Files (x86)\Common Files\Microsoft Shared\Windows Live;C:\ProgramData\Oracle\Java\javapath;C:\Windows\system32;C:\Windows;C:\Windows\System32\Wbem;C:\Windows\System32\WindowsPowerShell\v1.0\;C:\Program Files (x86)\IVI Foundation\VISA\WinNT\Bin\;C:\Program Files\IVI Foundation\VISA\Win64\Bin\;C:\Program Files (x86)\IVI Foundation\VISA\WinNT\Bin;C:\frc\bin;C:\Program Files (x86)\Windows Live\Shared;C:\Program Files\Eclipse Mars\eclipse;
USERNAME=ROBOTICS-Net
OS=Windows_NT
PROCESSOR_IDENTIFIER=Intel64 Family 6 Model 37 Stepping 5, GenuineIntel



---------------  S Y S T E M  ---------------

OS: Windows 7 , 64 bit Build 7601 (6.1.7601.17514)

CPU:total 4 (2 cores per cpu, 2 threads per core) family 6 model 37 stepping 5, cmov, cx8, fxsr, mmx, sse, sse2, sse3, ssse3, sse4.1, sse4.2, popcnt, aes, clmul, ht, tsc, tscinvbit

Memory: 4k page, physical 8174980k(4943092k free), swap 16348116k(12201336k free)

vm_info: Java HotSpot(TM) 64-Bit Server VM (25.71-b15) for windows-amd64 JRE (1.8.0_71-b15), built on Dec 22 2015 18:15:55 by "java_re" with MS VC++ 10.0 (VS2010)

time: Sat Jan 30 18:39:29 2016
elapsed time: 3 seconds (0d 0h 0m 3s)

