#
# A fatal error has been detected by the Java Runtime Environment:
#
#  EXCEPTION_ACCESS_VIOLATION (0xc0000005) at pc=0x0000000060815c72, pid=4780, tid=4452
#
# JRE version: Java(TM) SE Runtime Environment (8.0_71-b15) (build 1.8.0_71-b15)
# Java VM: Java HotSpot(TM) 64-Bit Server VM (25.71-b15 mixed mode windows-amd64 compressed oops)
# Problematic frame:
# V  [jvm.dll+0x75c72]
#
# Failed to write core dump. Minidumps are not enabled by default on client versions of Windows
#
# If you would like to submit a bug report, please visit:
#   http://bugreport.java.com/bugreport/crash.jsp
#

---------------  T H R E A D  ---------------

Current thread (0x0000000001dc8000):  JavaThread "main" [_thread_in_vm, id=4452, stack(0x0000000002160000,0x0000000002260000)]

siginfo: ExceptionCode=0xc0000005, reading address 0x000000fd5707ee28

Registers:
RAX=0x0000000001de6030, RBX=0x000000fd5707ee28, RCX=0x0000000001ddbf10, RDX=0x0000000000002136
RSP=0x000000000225c430, RBP=0x00000000204b00cc, RSI=0x000000000225c530, RDI=0x0000000000000002
R8 =0x0000000059393810, R9 =0x0000000000000008, R10=0x00000000607a0000, R11=0x00000000204b00cc
R12=0x0000000000000008, R13=0x0000000059393810, R14=0x0000000001ddbf10, R15=0x0000000059393810
RIP=0x0000000060815c72, EFLAGS=0x0000000000010202

Top of Stack: (sp=0x000000000225c430)
0x000000000225c430:   000000000225c570 000000000225c5f0
0x000000000225c440:   000000000225c5b0 ffffffffffffffe0
0x000000000225c450:   000000000000008b 000000000000008b
0x000000000225c460:   000000000225cd10 0000000060815d64
0x000000000225c470:   0000000000000008 000000000225c5b0
0x000000000225c480:   000000000225c530 0000000059393810
0x000000000225c490:   00000000204b00cc 000000000225cd10
0x000000000225c4a0:   0000000000000008 00000000607f3f99
0x000000000225c4b0:   0000000000000008 0000000001dc8000
0x000000000225c4c0:   000000000225c5b0 0000000001dc8000
0x000000000225c4d0:   000000000225c5f0 000000000225c5b0
0x000000000225c4e0:   000000000225c5d0 0000000001dc8000
0x000000000225c4f0:   00000000591e0800 0000024600000001
0x000000000225c500:   0000000000000078 0000000059393180
0x000000000225c510:   0000000059396534 0000000059393818
0x000000000225c520:   0000000001ddc210 0000000000000000 

Instructions: (pc=0x0000000060815c72)
0x0000000060815c52:   48 63 d2 33 ff 48 8b 1c d0 45 8b e1 4d 8b e8 4c
0x0000000060815c62:   8b f1 48 85 db 74 4a 8b 6c 24 60 0f 1f 00 ff c7
0x0000000060815c72:   39 2b 75 16 48 8b 73 10 45 8b c4 49 8b d5 48 8b
0x0000000060815c82:   ce e8 38 3c 0c 00 84 c0 75 48 48 8b 5b 08 48 83 


Register to memory mapping:

RAX=0x0000000001de6030 is an unknown value
RBX=0x000000fd5707ee28 is an unknown value
RCX=0x0000000001ddbf10 is an unknown value
RDX=0x0000000000002136 is an unknown value
RSP=0x000000000225c430 is pointing into the stack for thread: 0x0000000001dc8000
RBP=0x00000000204b00cc is an unknown value
RSI=0x000000000225c530 is pointing into the stack for thread: 0x0000000001dc8000
RDI=0x0000000000000002 is an unknown value
R8 =0x0000000059393810 is an unknown value
R9 =0x0000000000000008 is an unknown value
R10=0x00000000607a0000 is an unknown value
R11=0x00000000204b00cc is an unknown value
R12=0x0000000000000008 is an unknown value
R13=0x0000000059393810 is an unknown value
R14=0x0000000001ddbf10 is an unknown value
R15=0x0000000059393810 is an unknown value


Stack: [0x0000000002160000,0x0000000002260000],  sp=0x000000000225c430,  free space=1009k
Native frames: (J=compiled Java code, j=interpreted, Vv=VM code, C=native code)
V  [jvm.dll+0x75c72]
V  [jvm.dll+0x75d64]
V  [jvm.dll+0x53f99]
V  [jvm.dll+0x54399]
V  [jvm.dll+0x5c597]
V  [jvm.dll+0x5f523]
V  [jvm.dll+0x7b889]
V  [jvm.dll+0x7c167]
V  [jvm.dll+0x7d836]
V  [jvm.dll+0x7d88d]
V  [jvm.dll+0xf61d3]
V  [jvm.dll+0xba763]
V  [jvm.dll+0xc149a]
V  [jvm.dll+0xc2d9d]
V  [jvm.dll+0xbb2c6]
C  0x0000000002551afe

Java frames: (J=compiled Java code, j=interpreted, Vv=VM code)
j  java.security.Policy$1.run()Ljava/lang/String;+2
j  java.security.Policy$1.run()Ljava/lang/Object;+1
v  ~StubRoutines::call_stub
J 727  java.security.AccessController.doPrivileged(Ljava/security/PrivilegedAction;)Ljava/lang/Object; (0 bytes) @ 0x00000000027f3a12 [0x00000000027f39c0+0x52]
j  java.security.Policy.getPolicyNoCheck()Ljava/security/Policy;+53
j  java.security.ProtectionDomain.implies(Ljava/security/Permission;)Z+16
j  java.lang.System$1.run()Ljava/lang/Object;+13
v  ~StubRoutines::call_stub
J 727  java.security.AccessController.doPrivileged(Ljava/security/PrivilegedAction;)Ljava/lang/Object; (0 bytes) @ 0x00000000027f3a12 [0x00000000027f39c0+0x52]
j  java.lang.System.setSecurityManager0(Ljava/lang/SecurityManager;)V+43
j  java.lang.System.setSecurityManager(Ljava/lang/SecurityManager;)V+11
j  org.eclipse.ant.internal.launching.remote.InternalAntRunner.run(Ljava/util/List;)V+736
j  org.eclipse.ant.internal.launching.remote.InternalAntRunner.main([Ljava/lang/String;)V+11
v  ~StubRoutines::call_stub

---------------  P R O C E S S  ---------------

Java Threads: ( => current thread )
  0x0000000058a62800 JavaThread "Service Thread" daemon [_thread_blocked, id=5712, stack(0x0000000058f70000,0x0000000059070000)]
  0x0000000058a45800 JavaThread "C1 CompilerThread2" daemon [_thread_blocked, id=8140, stack(0x0000000058e60000,0x0000000058f60000)]
  0x0000000058a41000 JavaThread "C2 CompilerThread1" daemon [_thread_blocked, id=4588, stack(0x0000000058830000,0x0000000058930000)]
  0x000000005719e000 JavaThread "C2 CompilerThread0" daemon [_thread_blocked, id=6076, stack(0x0000000058940000,0x0000000058a40000)]
  0x000000005719c000 JavaThread "Attach Listener" daemon [_thread_blocked, id=8148, stack(0x00000000586c0000,0x00000000587c0000)]
  0x0000000057198800 JavaThread "Signal Dispatcher" daemon [_thread_blocked, id=6560, stack(0x0000000058570000,0x0000000058670000)]
  0x000000005713a800 JavaThread "Finalizer" daemon [_thread_blocked, id=6732, stack(0x0000000058370000,0x0000000058470000)]
  0x0000000057133800 JavaThread "Reference Handler" daemon [_thread_blocked, id=7692, stack(0x0000000058220000,0x0000000058320000)]
=>0x0000000001dc8000 JavaThread "main" [_thread_in_vm, id=4452, stack(0x0000000002160000,0x0000000002260000)]

Other Threads:
  0x000000005712e000 VMThread [stack: 0x0000000058080000,0x0000000058180000] [id=7824]
  0x0000000058acf800 WatcherThread [stack: 0x00000000590d0000,0x00000000591d0000] [id=3948]

VM state:not at safepoint (normal execution)

VM Mutex/Monitor currently owned by a thread: None

Heap:
 PSYoungGen      total 37888K, used 17865K [0x00000000d6700000, 0x00000000d9100000, 0x0000000100000000)
  eden space 32768K, 54% used [0x00000000d6700000,0x00000000d7872628,0x00000000d8700000)
  from space 5120K, 0% used [0x00000000d8c00000,0x00000000d8c00000,0x00000000d9100000)
  to   space 5120K, 0% used [0x00000000d8700000,0x00000000d8700000,0x00000000d8c00000)
 ParOldGen       total 86016K, used 0K [0x0000000083400000, 0x0000000088800000, 0x00000000d6700000)
  object space 86016K, 0% used [0x0000000083400000,0x0000000083400000,0x0000000088800000)
 Metaspace       used 7116K, capacity 7334K, committed 7552K, reserved 1056768K
  class space    used 802K, capacity 869K, committed 896K, reserved 1048576K

Card table byte_map: [0x00000000118f0000,0x0000000011ce0000] byte_map_base: 0x00000000114d6000

Marking Bits: (ParMarkBitMap*) 0x0000000060faf600
 Begin Bits: [0x0000000012550000, 0x0000000014480000)
 End Bits:   [0x0000000014480000, 0x00000000163b0000)

Polling page: 0x0000000000130000

CodeCache: size=245760Kb used=2846Kb max_used=2846Kb free=242913Kb
 bounds [0x0000000002530000, 0x0000000002800000, 0x0000000011530000]
 total_blobs=1023 nmethods=731 adapters=206
 compilation: enabled

Compilation events (10 events):
Event: 0.967 Thread 0x0000000058a45800  726   !   3       sun.misc.URLClassPath$JarLoader::getResource (85 bytes)
Event: 0.969 Thread 0x0000000058a45800 nmethod 726 0x00000000027f3c10 code [0x00000000027f3e60, 0x00000000027f4bf8]
Event: 0.971 Thread 0x0000000058a45800  728       3       java.lang.Character::isLetterOrDigit (5 bytes)
Event: 0.972 Thread 0x0000000058a45800 nmethod 728 0x00000000027f31d0 code [0x00000000027f3360, 0x00000000027f36b8]
Event: 0.972 Thread 0x0000000058a45800  729       3       java.lang.Character::isLetterOrDigit (19 bytes)
Event: 0.972 Thread 0x0000000058a45800 nmethod 729 0x00000000027f2890 code [0x00000000027f2a20, 0x00000000027f2d18]
Event: 0.972 Thread 0x0000000058a45800  730       1       java.net.URL::getUserInfo (5 bytes)
Event: 0.972 Thread 0x0000000058a45800 nmethod 730 0x00000000027f2510 code [0x00000000027f2660, 0x00000000027f2770]
Event: 0.972 Thread 0x0000000058a45800  732       3       java.net.URLStreamHandler::toExternalForm (219 bytes)
Event: 0.975 Thread 0x0000000058a45800 nmethod 732 0x00000000027f5950 code [0x00000000027f5c80, 0x00000000027f8f18]

GC Heap History (0 events):
No events

Deoptimization events (6 events):
Event: 0.836 Thread 0x0000000001dc8000 Uncommon trap: reason=bimorphic action=maybe_recompile pc=0x000000000278f998 method=java.util.HashMap.getNode(ILjava/lang/Object;)Ljava/util/HashMap$Node; @ 59
Event: 0.836 Thread 0x0000000001dc8000 Uncommon trap: reason=bimorphic action=maybe_recompile pc=0x000000000278f998 method=java.util.HashMap.getNode(ILjava/lang/Object;)Ljava/util/HashMap$Node; @ 59
Event: 0.849 Thread 0x0000000001dc8000 Uncommon trap: reason=bimorphic action=maybe_recompile pc=0x000000000278f998 method=java.util.HashMap.getNode(ILjava/lang/Object;)Ljava/util/HashMap$Node; @ 59
Event: 0.849 Thread 0x0000000001dc8000 Uncommon trap: reason=class_check action=maybe_recompile pc=0x000000000278f9d4 method=java.util.HashMap.getNode(ILjava/lang/Object;)Ljava/util/HashMap$Node; @ 126
Event: 0.850 Thread 0x0000000001dc8000 Uncommon trap: reason=bimorphic action=maybe_recompile pc=0x000000000278f998 method=java.util.HashMap.getNode(ILjava/lang/Object;)Ljava/util/HashMap$Node; @ 59
Event: 0.966 Thread 0x0000000001dc8000 Uncommon trap: reason=unstable_if action=reinterpret pc=0x00000000026d7560 method=sun.misc.MetaIndex.mayContain(Ljava/lang/String;)Z @ 38

Internal exceptions (10 events):
Event: 0.278 Thread 0x0000000001dc8000 Exception <a 'java/security/PrivilegedActionException'> (0x00000000d6a3fbc8) thrown at [C:\re\workspace\8-2-build-windows-amd64-cygwin\jdk8u71\5731\hotspot\src\share\vm\prims\jvm.cpp, line 1386]
Event: 0.966 Thread 0x0000000001dc8000 Exception <a 'java/lang/ClassNotFoundException': sun/net/www/protocol/c/Handler> (0x00000000d77fc2e0) thrown at [C:\re\workspace\8-2-build-windows-amd64-cygwin\jdk8u71\5731\hotspot\src\share\vm\classfile\systemDictionary.cpp, line 210]
Event: 0.967 Thread 0x0000000001dc8000 Exception <a 'java/lang/ClassNotFoundException': sun/net/www/protocol/c/Handler> (0x00000000d7800368) thrown at [C:\re\workspace\8-2-build-windows-amd64-cygwin\jdk8u71\5731\hotspot\src\share\vm\classfile\systemDictionary.cpp, line 210]
Event: 0.969 Thread 0x0000000001dc8000 Exception <a 'java/lang/ClassNotFoundException': org/apache/tools/ant/AntClassLoader> (0x00000000d781bca0) thrown at [C:\re\workspace\8-2-build-windows-amd64-cygwin\jdk8u71\5731\hotspot\src\share\vm\classfile\systemDictionary.cpp, line 210]
Event: 0.971 Thread 0x0000000001dc8000 Exception <a 'java/lang/ClassNotFoundException': sun/net/www/protocol/c/Handler> (0x00000000d7827650) thrown at [C:\re\workspace\8-2-build-windows-amd64-cygwin\jdk8u71\5731\hotspot\src\share\vm\classfile\systemDictionary.cpp, line 210]
Event: 0.971 Thread 0x0000000001dc8000 Exception <a 'java/lang/ClassNotFoundException': sun/net/www/protocol/c/Handler> (0x00000000d782ab58) thrown at [C:\re\workspace\8-2-build-windows-amd64-cygwin\jdk8u71\5731\hotspot\src\share\vm\classfile\systemDictionary.cpp, line 210]
Event: 0.972 Thread 0x0000000001dc8000 Exception <a 'java/lang/ClassNotFoundException': org/apache/tools/ant/AntClassLoader> (0x00000000d7830478) thrown at [C:\re\workspace\8-2-build-windows-amd64-cygwin\jdk8u71\5731\hotspot\src\share\vm\classfile\systemDictionary.cpp, line 210]
Event: 0.972 Thread 0x0000000001dc8000 Exception <a 'java/lang/ClassNotFoundException': org/apache/tools/ant/AntClassLoader> (0x00000000d78341a8) thrown at [C:\re\workspace\8-2-build-windows-amd64-cygwin\jdk8u71\5731\hotspot\src\share\vm\classfile\systemDictionary.cpp, line 210]
Event: 0.972 Thread 0x0000000001dc8000 Exception <a 'java/lang/ClassNotFoundException': org/apache/tools/ant/AntClassLoader> (0x00000000d7834938) thrown at [C:\re\workspace\8-2-build-windows-amd64-cygwin\jdk8u71\5731\hotspot\src\share\vm\classfile\systemDictionary.cpp, line 210]
Event: 0.972 Thread 0x0000000001dc8000 Exception <a 'java/lang/ClassNotFoundException': org/apache/tools/ant/AntClassLoader> (0x00000000d7835fb0) thrown at [C:\re\workspace\8-2-build-windows-amd64-cygwin\jdk8u71\5731\hotspot\src\share\vm\classfile\systemDictionary.cpp, line 210]

Events (10 events):
Event: 0.975 loading class java/security/Policy done
Event: 0.976 loading class java/security/Policy$UnsupportedEmptyCollection
Event: 0.976 loading class java/security/Policy$UnsupportedEmptyCollection done
Event: 0.976 loading class java/util/concurrent/atomic/AtomicReference
Event: 0.976 loading class java/util/concurrent/atomic/AtomicReference done
Event: 0.976 loading class java/security/Policy$PolicyInfo
Event: 0.976 loading class java/security/Policy$PolicyInfo done
Event: 0.976 loading class java/security/Policy$1
Event: 0.976 loading class java/security/Policy$1 done
Event: 0.976 loading class java/security/Security


Dynamic libraries:
0x000000013f210000 - 0x000000013f247000 	C:\Program Files\Java\jre1.8.0_71\bin\javaw.exe
0x0000000076da0000 - 0x0000000076f49000 	C:\Windows\SYSTEM32\ntdll.dll
0x0000000076b80000 - 0x0000000076c9f000 	C:\Windows\system32\kernel32.dll
0x000007fefcf50000 - 0x000007fefcfbb000 	C:\Windows\system32\KERNELBASE.dll
0x000007fefdf40000 - 0x000007fefe01b000 	C:\Windows\system32\ADVAPI32.dll
0x000007fefe6b0000 - 0x000007fefe74f000 	C:\Windows\system32\msvcrt.dll
0x000007fefe390000 - 0x000007fefe3af000 	C:\Windows\SYSTEM32\sechost.dll
0x000007fefebc0000 - 0x000007fefeced000 	C:\Windows\system32\RPCRT4.dll
0x0000000076ca0000 - 0x0000000076d9a000 	C:\Windows\system32\USER32.dll
0x000007fefe640000 - 0x000007fefe6a7000 	C:\Windows\system32\GDI32.dll
0x000007fefebb0000 - 0x000007fefebbe000 	C:\Windows\system32\LPK.dll
0x000007fefe1b0000 - 0x000007fefe279000 	C:\Windows\system32\USP10.dll
0x000007fefc5e0000 - 0x000007fefc7d4000 	C:\Windows\WinSxS\amd64_microsoft.windows.common-controls_6595b64144ccf1df_6.0.7601.17514_none_fa396087175ac9ac\COMCTL32.dll
0x000007fefee20000 - 0x000007fefee91000 	C:\Windows\system32\SHLWAPI.dll
0x000007fefd180000 - 0x000007fefd1ae000 	C:\Windows\system32\IMM32.DLL
0x000007fefe280000 - 0x000007fefe389000 	C:\Windows\system32\MSCTF.dll
0x000000005e8d0000 - 0x000000005e9a2000 	C:\Program Files\Java\jre1.8.0_71\bin\msvcr100.dll
0x00000000607a0000 - 0x000000006102f000 	C:\Program Files\Java\jre1.8.0_71\bin\server\jvm.dll
0x000007fef8f20000 - 0x000007fef8f29000 	C:\Windows\system32\WSOCK32.dll
0x000007fefe100000 - 0x000007fefe14d000 	C:\Windows\system32\WS2_32.dll
0x000007fefe450000 - 0x000007fefe458000 	C:\Windows\system32\NSI.dll
0x000007fefa930000 - 0x000007fefa96b000 	C:\Windows\system32\WINMM.dll
0x000007fefbf70000 - 0x000007fefbf7c000 	C:\Windows\system32\VERSION.dll
0x0000000076f70000 - 0x0000000076f77000 	C:\Windows\system32\PSAPI.DLL
0x000000006f610000 - 0x000000006f61f000 	C:\Program Files\Java\jre1.8.0_71\bin\verify.dll
0x000000006dec0000 - 0x000000006dee9000 	C:\Program Files\Java\jre1.8.0_71\bin\java.dll
0x000000006f5f0000 - 0x000000006f606000 	C:\Program Files\Java\jre1.8.0_71\bin\zip.dll
0x000007fefd1b0000 - 0x000007fefdf38000 	C:\Windows\system32\SHELL32.dll
0x000007fefeea0000 - 0x000007feff0a3000 	C:\Windows\system32\ole32.dll
0x000007fefccf0000 - 0x000007fefccff000 	C:\Windows\system32\profapi.dll
0x000000006dea0000 - 0x000000006deba000 	C:\Program Files\Java\jre1.8.0_71\bin\net.dll
0x000007fefc270000 - 0x000007fefc2c5000 	C:\Windows\system32\mswsock.dll
0x000007fefc4d0000 - 0x000007fefc4d7000 	C:\Windows\System32\wship6.dll
0x000007feecf00000 - 0x000007feed025000 	C:\Windows\system32\dbghelp.dll

VM Arguments:
jvm_args: -Dant.home=C:\Program Files\Eclipse Mars\eclipse\plugins\org.apache.ant_1.9.4.v201504302020 -Dant.library.dir=C:\Program Files\Eclipse Mars\eclipse\plugins\org.apache.ant_1.9.4.v201504302020\lib -Djava.library.path=C:\Program Files\Eclipse Mars\eclipse;C:\Windows\Sun\Java\bin;C:\Windows\system32;C:\Windows;C:/Program Files/Java/jre1.8.0_71/bin/server;C:/Program Files/Java/jre1.8.0_71/bin;C:/Program Files/Java/jre1.8.0_71/lib/amd64;C:\Program Files\Common Files\Microsoft Shared\Windows Live;C:\Program Files (x86)\Common Files\Microsoft Shared\Windows Live;C:\ProgramData\Oracle\Java\javapath;C:\Windows\system32;C:\Windows;C:\Windows\System32\Wbem;C:\Windows\System32\WindowsPowerShell\v1.0\;C:\Program Files (x86)\IVI Foundation\VISA\WinNT\Bin\;C:\Program Files\IVI Foundation\VISA\Win64\Bin\;C:\Program Files (x86)\IVI Foundation\VISA\WinNT\Bin;C:\frc\bin;C:\Program Files (x86)\Windows Live\Shared;C:\Program Files\Eclipse Mars\eclipse;;.;C:\Program%20Files\Eclipse%20Mars\eclipse\configuration\org.eclipse.osgi\407\0\.cp -Dfile.encoding=UTF-8 
java_command: org.eclipse.ant.internal.launching.remote.InternalAntRunner -Dorg.eclipse.ant.core.ANT_PROCESS_ID=1454776593316 -Declipse.connect.port=63002 -Dant.home=C:\Program Files\Eclipse Mars\eclipse\plugins\org.apache.ant_1.9.4.v201504302020 -logger org.eclipse.ant.internal.launching.remote.logger.RemoteAntBuildLogger -inputhandler org.eclipse.ant.internal.ui.antsupport.inputhandler.ProxyInputHandler -buildfile C:\Users\ROBOTICS-Net\git\GitTesting\FRC 2016 Robot Code\build.xml deploy
java_class_path (initial): C:\Program Files\Eclipse Mars\eclipse\plugins\org.apache.ant_1.9.4.v201504302020\lib\ant-antlr.jar;C:\Program Files\Eclipse Mars\eclipse\plugins\org.apache.ant_1.9.4.v201504302020\lib\ant-apache-bcel.jar;C:\Program Files\Eclipse Mars\eclipse\plugins\org.apache.ant_1.9.4.v201504302020\lib\ant-apache-bsf.jar;C:\Program Files\Eclipse Mars\eclipse\plugins\org.apache.ant_1.9.4.v201504302020\lib\ant-apache-log4j.jar;C:\Program Files\Eclipse Mars\eclipse\plugins\org.apache.ant_1.9.4.v201504302020\lib\ant-apache-oro.jar;C:\Program Files\Eclipse Mars\eclipse\plugins\org.apache.ant_1.9.4.v201504302020\lib\ant-apache-regexp.jar;C:\Program Files\Eclipse Mars\eclipse\plugins\org.apache.ant_1.9.4.v201504302020\lib\ant-apache-resolver.jar;C:\Program Files\Eclipse Mars\eclipse\plugins\org.apache.ant_1.9.4.v201504302020\lib\ant-apache-xalan2.jar;C:\Program Files\Eclipse Mars\eclipse\plugins\org.apache.ant_1.9.4.v201504302020\lib\ant-commons-logging.jar;C:\Program Files\Eclipse Mars\eclipse\plugins\org.apache.ant_1.9.4.v201504302020\lib\ant-commons-net.jar;C:\Program Files\Eclipse Mars\eclipse\plugins\org.apache.ant_1.9.4.v201504302020\lib\ant-jai.jar;C:\Program Files\Eclipse Mars\eclipse\plugins\org.apache.ant_1.9.4.v201504302020\lib\ant-javamail.jar;C:\Program Files\Eclipse Mars\eclipse\plugins\org.apache.ant_1.9.4.v201504302020\lib\ant-jdepend.jar;C:\Program Files\Eclipse Mars\eclipse\plugins\org.apache.ant_1.9.4.v201504302020\lib\ant-jmf.jar;C:\Program Files\Eclipse Mars\eclipse\plugins\org.apache.ant_1.9.4.v201504302020\lib\ant-jsch.jar;C:\Program Files\Eclipse Mars\eclipse\plugins\org.apache.ant_1.9.4.v201504302020\lib\ant-junit.jar;C:\Program Files\Eclipse Mars\eclipse\plugins\org.apache.ant_1.9.4.v201504302020\lib\ant-junit4.jar;C:\Program Files\Eclipse Mars\eclipse\plugins\org.apache.ant_1.9.4.v201504302020\lib\ant-launcher.jar;C:\Program Files\Eclipse Mars\eclipse\plugins\org.apache.ant_1.9.4.v201504302020\lib\ant-netrexx.jar;C:\Program Files\Ec
Launcher Type: SUN_STANDARD

Environment Variables:
PATH=C:/Program Files/Java/jre1.8.0_71/bin/server;C:/Program Files/Java/jre1.8.0_71/bin;C:/Program Files/Java/jre1.8.0_71/lib/amd64;C:\Program Files\Common Files\Microsoft Shared\Windows Live;C:\Program Files (x86)\Common Files\Microsoft Shared\Windows Live;C:\ProgramData\Oracle\Java\javapath;C:\Windows\system32;C:\Windows;C:\Windows\System32\Wbem;C:\Windows\System32\WindowsPowerShell\v1.0\;C:\Program Files (x86)\IVI Foundation\VISA\WinNT\Bin\;C:\Program Files\IVI Foundation\VISA\Win64\Bin\;C:\Program Files (x86)\IVI Foundation\VISA\WinNT\Bin;C:\frc\bin;C:\Program Files (x86)\Windows Live\Shared;C:\Program Files\Eclipse Mars\eclipse;
USERNAME=ROBOTICS-Net
OS=Windows_NT
PROCESSOR_IDENTIFIER=Intel64 Family 6 Model 37 Stepping 5, GenuineIntel



---------------  S Y S T E M  ---------------

OS: Windows 7 , 64 bit Build 7601 (6.1.7601.17514)

CPU:total 4 (2 cores per cpu, 2 threads per core) family 6 model 37 stepping 5, cmov, cx8, fxsr, mmx, sse, sse2, sse3, ssse3, sse4.1, sse4.2, popcnt, aes, clmul, ht, tsc, tscinvbit

Memory: 4k page, physical 8174980k(4502584k free), swap 16348116k(11463428k free)

vm_info: Java HotSpot(TM) 64-Bit Server VM (25.71-b15) for windows-amd64 JRE (1.8.0_71-b15), built on Dec 22 2015 18:15:55 by "java_re" with MS VC++ 10.0 (VS2010)

time: Sat Feb 06 11:36:34 2016
elapsed time: 0 seconds (0d 0h 0m 0s)

